open source     > 1 > 1 > /usr/share/texmf/tex/context/base/cont-yes.mkiv

ConTeXt  ver: 2014.05.21 22:04 MKIV beta  fmt: 2015.3.19  int: english/english

system          > 'cont-new.mkiv' loaded
open source     > 2 > 2 > /usr/share/texmf/tex/context/base/cont-new.mkiv
close source    > 2 > 2 > /usr/share/texmf/tex/context/base/cont-new.mkiv

system          > files > jobname 'pinball-modul-b-2015', input './pinball-modul-b-2015', result 'pinball-modul-b-2015'
fonts           > latin modern fonts are not preloaded
languages       > language 'en' is active
open source     > 2 > 3 > /home/stefan/Dokumente/github/pinball/2015/pinball-modul-b-2015.tex
open source     > 3 > 4 > /home/stefan/texmf/context/context-common/e-intern.tex
open source     > 4 > 5 > /home/stefan/texmf/context/context-common/inc-formatting.tex
close source    > 4 > 5 > /home/stefan/texmf/context/context-common/inc-formatting.tex
open source     > 4 > 6 > /home/stefan/texmf/context/context-common/inc-image.tex
close source    > 4 > 6 > /home/stefan/texmf/context/context-common/inc-image.tex
open source     > 4 > 7 > /home/stefan/texmf/context/context-common/inc-pdf.tex
close source    > 4 > 7 > /home/stefan/texmf/context/context-common/inc-pdf.tex
open source     > 4 > 8 > /home/stefan/texmf/context/context-common/inc-todo.tex
close source    > 4 > 8 > /home/stefan/texmf/context/context-common/inc-todo.tex
open source     > 4 > 9 > /home/stefan/texmf/context/context-common/inc-typing.tex
resolvers       > modules > 'pretty-java' is loaded
open source     > 5 > 10 > /home/stefan/texmf/context/context-common/t-pretty-java.mkiv
resolvers       > lua > loading file '/home/stefan/texmf/context/context-common/t-pretty-java.lua' succeeded
close source    > 5 > 10 > /home/stefan/texmf/context/context-common/t-pretty-java.mkiv
close source    > 4 > 10 > /home/stefan/texmf/context/context-common/inc-typing.tex
colors          > 'rgb' color space is supported
colors          > 'cmyk' color space is supported
open source     > 4 > 11 > /usr/share/texmf/tex/context/base/type-imp-postscript.mkiv
open source     > 5 > 12 > /usr/share/texmf/tex/context/base/type-imp-texgyre.mkiv
close source    > 5 > 12 > /usr/share/texmf/tex/context/base/type-imp-texgyre.mkiv
close source    > 4 > 12 > /usr/share/texmf/tex/context/base/type-imp-postscript.mkiv
metapost        > initializing instance 'metafun' using format 'metafun'
metapost        > loading 'metafun' as '/usr/share/texmf/metapost/context/base/metafun.mpiv' using method 'default'
metapost        > initializing number mode 'scaled'
close source    > 3 > 12 > /home/stefan/texmf/context/context-common/e-intern.tex
open source     > 3 > 13 > /home/stefan/texmf/context/context-common/e-tikz.tex
resolvers       > modules > 'tikz' is loaded
open source     > 4 > 14 > /usr/share/texlive/texmf-dist/tex/context/third/pgf/frontendlayer/t-tikz.tex
loading         > ConTeXt User Module / tikz
open source     > 5 > 15 > /usr/share/texlive/texmf-dist/tex/context/third/pgf/basiclayer/t-pgf.tex
loading         > ConTeXt User Module / pgf
open source     > 6 > 16 > /usr/share/texlive/texmf-dist/tex/context/third/pgf/basiclayer/t-pgfcor.tex
loading         > ConTeXt User Module / pgfcor
open source     > 7 > 17 > /usr/share/texlive/texmf-dist/tex/context/third/pgf/systemlayer/t-pgfsys.tex
loading         > ConTeXt User Module / pgfsys
open source     > 8 > 18 > /usr/share/texlive/texmf-dist/tex/context/third/pgf/utilities/t-pgfrcs.tex
loading         > ConTeXt User Module / pgfrcs
open source     > 9 > 19 > /usr/share/texlive/texmf-dist/tex/context/third/pgf/utilities/t-pgfmod.tex
loading         > ConTeXt User Module / pgfmodules
close source    > 9 > 19 > /usr/share/texlive/texmf-dist/tex/context/third/pgf/utilities/t-pgfmod.tex
open source     > 9 > 20 > /usr/share/texlive/texmf-dist/tex/generic/pgf/utilities/pgfutil-common.tex
open source     > 10 > 21 > /usr/share/texlive/texmf-dist/tex/generic/pgf/utilities/pgfutil-common-lists.tex
close source    > 10 > 21 > /usr/share/texlive/texmf-dist/tex/generic/pgf/utilities/pgfutil-common-lists.tex
close source    > 9 > 21 > /usr/share/texlive/texmf-dist/tex/generic/pgf/utilities/pgfutil-common.tex
open source     > 9 > 22 > /usr/share/texlive/texmf-dist/tex/generic/pgf/utilities/pgfutil-context.def
close source    > 9 > 22 > /usr/share/texlive/texmf-dist/tex/generic/pgf/utilities/pgfutil-context.def
open source     > 9 > 23 > /usr/share/texlive/texmf-dist/tex/generic/pgf/utilities/pgfrcs.code.tex
close source    > 9 > 23 > /usr/share/texlive/texmf-dist/tex/generic/pgf/utilities/pgfrcs.code.tex
close source    > 8 > 23 > /usr/share/texlive/texmf-dist/tex/context/third/pgf/utilities/t-pgfrcs.tex
open source     > 8 > 24 > /usr/share/texlive/texmf-dist/tex/generic/pgf/systemlayer/pgfsys.code.tex
open source     > 9 > 25 > /usr/share/texlive/texmf-dist/tex/generic/pgf/utilities/pgfkeys.code.tex
open source     > 10 > 26 > /usr/share/texlive/texmf-dist/tex/generic/pgf/utilities/pgfkeysfiltered.code.tex
close source    > 10 > 26 > /usr/share/texlive/texmf-dist/tex/generic/pgf/utilities/pgfkeysfiltered.code.tex
close source    > 9 > 26 > /usr/share/texlive/texmf-dist/tex/generic/pgf/utilities/pgfkeys.code.tex
open source     > 9 > 27 > /usr/share/texlive/texmf-dist/tex/generic/pgf/systemlayer/pgf.cfg
close source    > 9 > 27 > /usr/share/texlive/texmf-dist/tex/generic/pgf/systemlayer/pgf.cfg
Driver file for pgf: pgfsys-pdftex.def
open source     > 9 > 28 > /usr/share/texlive/texmf-dist/tex/generic/pgf/systemlayer/pgfsys-pdftex.def
open source     > 10 > 29 > /usr/share/texlive/texmf-dist/tex/generic/pgf/systemlayer/pgfsys-common-pdf.def
close source    > 10 > 29 > /usr/share/texlive/texmf-dist/tex/generic/pgf/systemlayer/pgfsys-common-pdf.def
close source    > 9 > 29 > /usr/share/texlive/texmf-dist/tex/generic/pgf/systemlayer/pgfsys-pdftex.def
open source     > 9 > 30 > pinball-modul-b-2015.pgf
close source    > 9 > 30 > pinball-modul-b-2015.pgf
close source    > 8 > 30 > /usr/share/texlive/texmf-dist/tex/generic/pgf/systemlayer/pgfsys.code.tex
open source     > 8 > 31 > /usr/share/texlive/texmf-dist/tex/generic/pgf/systemlayer/pgfsyssoftpath.code.tex
close source    > 8 > 31 > /usr/share/texlive/texmf-dist/tex/generic/pgf/systemlayer/pgfsyssoftpath.code.tex
open source     > 8 > 32 > /usr/share/texlive/texmf-dist/tex/generic/pgf/systemlayer/pgfsysprotocol.code.tex
close source    > 8 > 32 > /usr/share/texlive/texmf-dist/tex/generic/pgf/systemlayer/pgfsysprotocol.code.tex
close source    > 7 > 32 > /usr/share/texlive/texmf-dist/tex/context/third/pgf/systemlayer/t-pgfsys.tex
open source     > 7 > 33 > /usr/share/texlive/texmf-dist/tex/generic/pgf/basiclayer/pgfcore.code.tex
open source     > 8 > 34 > /usr/share/texlive/texmf-dist/tex/generic/pgf/math/pgfmath.code.tex
open source     > 9 > 35 > /usr/share/texlive/texmf-dist/tex/generic/pgf/math/pgfmathcalc.code.tex
open source     > 10 > 36 > /usr/share/texlive/texmf-dist/tex/generic/pgf/math/pgfmathutil.code.tex
close source    > 10 > 36 > /usr/share/texlive/texmf-dist/tex/generic/pgf/math/pgfmathutil.code.tex
open source     > 10 > 37 > /usr/share/texlive/texmf-dist/tex/generic/pgf/math/pgfmathparser.code.tex
close source    > 10 > 37 > /usr/share/texlive/texmf-dist/tex/generic/pgf/math/pgfmathparser.code.tex
open source     > 10 > 38 > /usr/share/texlive/texmf-dist/tex/generic/pgf/math/pgfmathfunctions.code.tex
open source     > 11 > 39 > /usr/share/texlive/texmf-dist/tex/generic/pgf/math/pgfmathfunctions.basic.code.tex
close source    > 11 > 39 > /usr/share/texlive/texmf-dist/tex/generic/pgf/math/pgfmathfunctions.basic.code.tex
open source     > 11 > 40 > /usr/share/texlive/texmf-dist/tex/generic/pgf/math/pgfmathfunctions.trigonometric.code.tex
close source    > 11 > 40 > /usr/share/texlive/texmf-dist/tex/generic/pgf/math/pgfmathfunctions.trigonometric.code.tex
open source     > 11 > 41 > /usr/share/texlive/texmf-dist/tex/generic/pgf/math/pgfmathfunctions.random.code.tex
close source    > 11 > 41 > /usr/share/texlive/texmf-dist/tex/generic/pgf/math/pgfmathfunctions.random.code.tex
open source     > 11 > 42 > /usr/share/texlive/texmf-dist/tex/generic/pgf/math/pgfmathfunctions.comparison.code.tex
close source    > 11 > 42 > /usr/share/texlive/texmf-dist/tex/generic/pgf/math/pgfmathfunctions.comparison.code.tex
open source     > 11 > 43 > /usr/share/texlive/texmf-dist/tex/generic/pgf/math/pgfmathfunctions.base.code.tex
close source    > 11 > 43 > /usr/share/texlive/texmf-dist/tex/generic/pgf/math/pgfmathfunctions.base.code.tex
open source     > 11 > 44 > /usr/share/texlive/texmf-dist/tex/generic/pgf/math/pgfmathfunctions.round.code.tex
close source    > 11 > 44 > /usr/share/texlive/texmf-dist/tex/generic/pgf/math/pgfmathfunctions.round.code.tex
open source     > 11 > 45 > /usr/share/texlive/texmf-dist/tex/generic/pgf/math/pgfmathfunctions.misc.code.tex
close source    > 11 > 45 > /usr/share/texlive/texmf-dist/tex/generic/pgf/math/pgfmathfunctions.misc.code.tex
open source     > 11 > 46 > /usr/share/texlive/texmf-dist/tex/generic/pgf/math/pgfmathfunctions.integerarithmetics.code.tex
close source    > 11 > 46 > /usr/share/texlive/texmf-dist/tex/generic/pgf/math/pgfmathfunctions.integerarithmetics.code.tex
close source    > 10 > 46 > /usr/share/texlive/texmf-dist/tex/generic/pgf/math/pgfmathfunctions.code.tex
close source    > 9 > 46 > /usr/share/texlive/texmf-dist/tex/generic/pgf/math/pgfmathcalc.code.tex
open source     > 9 > 47 > /usr/share/texlive/texmf-dist/tex/generic/pgf/math/pgfmathfloat.code.tex
close source    > 9 > 47 > /usr/share/texlive/texmf-dist/tex/generic/pgf/math/pgfmathfloat.code.tex
close source    > 8 > 47 > /usr/share/texlive/texmf-dist/tex/generic/pgf/math/pgfmath.code.tex
open source     > 8 > 48 > /usr/share/texlive/texmf-dist/tex/generic/pgf/basiclayer/pgfcorepoints.code.tex
close source    > 8 > 48 > /usr/share/texlive/texmf-dist/tex/generic/pgf/basiclayer/pgfcorepoints.code.tex
open source     > 8 > 49 > /usr/share/texlive/texmf-dist/tex/generic/pgf/basiclayer/pgfcorepathconstruct.code.tex
close source    > 8 > 49 > /usr/share/texlive/texmf-dist/tex/generic/pgf/basiclayer/pgfcorepathconstruct.code.tex
open source     > 8 > 50 > /usr/share/texlive/texmf-dist/tex/generic/pgf/basiclayer/pgfcorepathusage.code.tex
close source    > 8 > 50 > /usr/share/texlive/texmf-dist/tex/generic/pgf/basiclayer/pgfcorepathusage.code.tex
open source     > 8 > 51 > /usr/share/texlive/texmf-dist/tex/generic/pgf/basiclayer/pgfcorescopes.code.tex
close source    > 8 > 51 > /usr/share/texlive/texmf-dist/tex/generic/pgf/basiclayer/pgfcorescopes.code.tex
open source     > 8 > 52 > /usr/share/texlive/texmf-dist/tex/generic/pgf/basiclayer/pgfcoregraphicstate.code.tex
close source    > 8 > 52 > /usr/share/texlive/texmf-dist/tex/generic/pgf/basiclayer/pgfcoregraphicstate.code.tex
open source     > 8 > 53 > /usr/share/texlive/texmf-dist/tex/generic/pgf/basiclayer/pgfcoretransformations.code.tex
close source    > 8 > 53 > /usr/share/texlive/texmf-dist/tex/generic/pgf/basiclayer/pgfcoretransformations.code.tex
open source     > 8 > 54 > /usr/share/texlive/texmf-dist/tex/generic/pgf/basiclayer/pgfcorequick.code.tex
close source    > 8 > 54 > /usr/share/texlive/texmf-dist/tex/generic/pgf/basiclayer/pgfcorequick.code.tex
open source     > 8 > 55 > /usr/share/texlive/texmf-dist/tex/generic/pgf/basiclayer/pgfcoreobjects.code.tex
close source    > 8 > 55 > /usr/share/texlive/texmf-dist/tex/generic/pgf/basiclayer/pgfcoreobjects.code.tex
open source     > 8 > 56 > /usr/share/texlive/texmf-dist/tex/generic/pgf/basiclayer/pgfcorepathprocessing.code.tex
close source    > 8 > 56 > /usr/share/texlive/texmf-dist/tex/generic/pgf/basiclayer/pgfcorepathprocessing.code.tex
open source     > 8 > 57 > /usr/share/texlive/texmf-dist/tex/generic/pgf/basiclayer/pgfcorearrows.code.tex
close source    > 8 > 57 > /usr/share/texlive/texmf-dist/tex/generic/pgf/basiclayer/pgfcorearrows.code.tex
open source     > 8 > 58 > /usr/share/texlive/texmf-dist/tex/generic/pgf/basiclayer/pgfcoreshade.code.tex
close source    > 8 > 58 > /usr/share/texlive/texmf-dist/tex/generic/pgf/basiclayer/pgfcoreshade.code.tex
open source     > 8 > 59 > /usr/share/texlive/texmf-dist/tex/generic/pgf/basiclayer/pgfcoreimage.code.tex
open source     > 9 > 60 > /usr/share/texlive/texmf-dist/tex/generic/pgf/basiclayer/pgfcoreexternal.code.tex
close source    > 9 > 60 > /usr/share/texlive/texmf-dist/tex/generic/pgf/basiclayer/pgfcoreexternal.code.tex
close source    > 8 > 60 > /usr/share/texlive/texmf-dist/tex/generic/pgf/basiclayer/pgfcoreimage.code.tex
open source     > 8 > 61 > /usr/share/texlive/texmf-dist/tex/generic/pgf/basiclayer/pgfcorelayers.code.tex
close source    > 8 > 61 > /usr/share/texlive/texmf-dist/tex/generic/pgf/basiclayer/pgfcorelayers.code.tex
open source     > 8 > 62 > /usr/share/texlive/texmf-dist/tex/generic/pgf/basiclayer/pgfcoretransparency.code.tex
close source    > 8 > 62 > /usr/share/texlive/texmf-dist/tex/generic/pgf/basiclayer/pgfcoretransparency.code.tex
open source     > 8 > 63 > /usr/share/texlive/texmf-dist/tex/generic/pgf/basiclayer/pgfcorepatterns.code.tex
close source    > 8 > 63 > /usr/share/texlive/texmf-dist/tex/generic/pgf/basiclayer/pgfcorepatterns.code.tex
close source    > 7 > 63 > /usr/share/texlive/texmf-dist/tex/generic/pgf/basiclayer/pgfcore.code.tex
close source    > 6 > 63 > /usr/share/texlive/texmf-dist/tex/context/third/pgf/basiclayer/t-pgfcor.tex
open source     > 6 > 64 > /usr/share/texlive/texmf-dist/tex/generic/pgf/modules/pgfmoduleshapes.code.tex
close source    > 6 > 64 > /usr/share/texlive/texmf-dist/tex/generic/pgf/modules/pgfmoduleshapes.code.tex
open source     > 6 > 65 > /usr/share/texlive/texmf-dist/tex/generic/pgf/modules/pgfmoduleplot.code.tex
close source    > 6 > 65 > /usr/share/texlive/texmf-dist/tex/generic/pgf/modules/pgfmoduleplot.code.tex
close source    > 5 > 65 > /usr/share/texlive/texmf-dist/tex/context/third/pgf/basiclayer/t-pgf.tex
open source     > 5 > 66 > /usr/share/texlive/texmf-dist/tex/context/third/pgf/utilities/t-pgffor.tex
loading         > ConTeXt User Module / pgffor
open source     > 6 > 67 > /usr/share/texlive/texmf-dist/tex/context/third/pgf/utilities/t-pgfrcs.tex
loading         > ConTeXt User Module / pgfrcs
close source    > 6 > 67 > /usr/share/texlive/texmf-dist/tex/context/third/pgf/utilities/t-pgfrcs.tex
open source     > 6 > 68 > /usr/share/texlive/texmf-dist/tex/context/third/pgf/utilities/t-pgfkey.tex
loading         > ConTeXt User Module / pgfkey
open source     > 7 > 69 > /usr/share/texlive/texmf-dist/tex/generic/pgf/utilities/pgfkeys.code.tex
close source    > 7 > 69 > /usr/share/texlive/texmf-dist/tex/generic/pgf/utilities/pgfkeys.code.tex
close source    > 6 > 69 > /usr/share/texlive/texmf-dist/tex/context/third/pgf/utilities/t-pgfkey.tex
open source     > 6 > 70 > /usr/share/texlive/texmf-dist/tex/generic/pgf/utilities/pgffor.code.tex
open source     > 7 > 71 > /usr/share/texlive/texmf-dist/tex/generic/pgf/math/pgfmath.code.tex
close source    > 7 > 71 > /usr/share/texlive/texmf-dist/tex/generic/pgf/math/pgfmath.code.tex
close source    > 6 > 71 > /usr/share/texlive/texmf-dist/tex/generic/pgf/utilities/pgffor.code.tex
close source    > 5 > 71 > /usr/share/texlive/texmf-dist/tex/context/third/pgf/utilities/t-pgffor.tex
open source     > 5 > 72 > /usr/share/texlive/texmf-dist/tex/generic/pgf/frontendlayer/tikz/tikz.code.tex
open source     > 6 > 73 > /usr/share/texlive/texmf-dist/tex/generic/pgf/libraries/pgflibraryplothandlers.code.tex
close source    > 6 > 73 > /usr/share/texlive/texmf-dist/tex/generic/pgf/libraries/pgflibraryplothandlers.code.tex
open source     > 6 > 74 > /usr/share/texlive/texmf-dist/tex/generic/pgf/modules/pgfmodulematrix.code.tex
close source    > 6 > 74 > /usr/share/texlive/texmf-dist/tex/generic/pgf/modules/pgfmodulematrix.code.tex
open source     > 6 > 75 > /usr/share/texlive/texmf-dist/tex/generic/pgf/frontendlayer/tikz/libraries/tikzlibrarytopaths.code.tex
close source    > 6 > 75 > /usr/share/texlive/texmf-dist/tex/generic/pgf/frontendlayer/tikz/libraries/tikzlibrarytopaths.code.tex
close source    > 5 > 75 > /usr/share/texlive/texmf-dist/tex/generic/pgf/frontendlayer/tikz/tikz.code.tex
close source    > 4 > 75 > /usr/share/texlive/texmf-dist/tex/context/third/pgf/frontendlayer/t-tikz.tex
open source     > 4 > 76 > /usr/share/texlive/texmf-dist/tex/generic/pgf/frontendlayer/tikz/libraries/tikzlibraryarrows.code.tex
open source     > 5 > 77 > /usr/share/texlive/texmf-dist/tex/generic/pgf/libraries/pgflibraryarrows.code.tex
close source    > 5 > 77 > /usr/share/texlive/texmf-dist/tex/generic/pgf/libraries/pgflibraryarrows.code.tex
close source    > 4 > 77 > /usr/share/texlive/texmf-dist/tex/generic/pgf/frontendlayer/tikz/libraries/tikzlibraryarrows.code.tex
open source     > 4 > 78 > /usr/share/texlive/texmf-dist/tex/generic/pgf/frontendlayer/tikz/libraries/tikzlibrarypositioning.code.tex
close source    > 4 > 78 > /usr/share/texlive/texmf-dist/tex/generic/pgf/frontendlayer/tikz/libraries/tikzlibrarypositioning.code.tex
open source     > 4 > 79 > /usr/share/texlive/texmf-dist/tex/generic/pgf/frontendlayer/tikz/libraries/tikzlibraryshadows.code.tex
open source     > 5 > 80 > /usr/share/texlive/texmf-dist/tex/generic/pgf/frontendlayer/tikz/libraries/tikzlibraryfadings.code.tex
open source     > 6 > 81 > /usr/share/texlive/texmf-dist/tex/generic/pgf/libraries/pgflibraryfadings.code.tex
close source    > 6 > 81 > /usr/share/texlive/texmf-dist/tex/generic/pgf/libraries/pgflibraryfadings.code.tex
close source    > 5 > 81 > /usr/share/texlive/texmf-dist/tex/generic/pgf/frontendlayer/tikz/libraries/tikzlibraryfadings.code.tex
close source    > 4 > 81 > /usr/share/texlive/texmf-dist/tex/generic/pgf/frontendlayer/tikz/libraries/tikzlibraryshadows.code.tex
open source     > 4 > 82 > /usr/share/texlive/texmf-dist/tex/generic/pgf/frontendlayer/tikz/libraries/tikzlibraryshapes.code.tex
open source     > 5 > 83 > /usr/share/texlive/texmf-dist/tex/generic/pgf/frontendlayer/tikz/libraries/tikzlibraryshapes.geometric.code.tex
open source     > 6 > 84 > /usr/share/texlive/texmf-dist/tex/generic/pgf/libraries/shapes/pgflibraryshapes.geometric.code.tex
close source    > 6 > 84 > /usr/share/texlive/texmf-dist/tex/generic/pgf/libraries/shapes/pgflibraryshapes.geometric.code.tex
close source    > 5 > 84 > /usr/share/texlive/texmf-dist/tex/generic/pgf/frontendlayer/tikz/libraries/tikzlibraryshapes.geometric.code.tex
open source     > 5 > 85 > /usr/share/texlive/texmf-dist/tex/generic/pgf/frontendlayer/tikz/libraries/tikzlibraryshapes.misc.code.tex
open source     > 6 > 86 > /usr/share/texlive/texmf-dist/tex/generic/pgf/libraries/shapes/pgflibraryshapes.misc.code.tex
close source    > 6 > 86 > /usr/share/texlive/texmf-dist/tex/generic/pgf/libraries/shapes/pgflibraryshapes.misc.code.tex
close source    > 5 > 86 > /usr/share/texlive/texmf-dist/tex/generic/pgf/frontendlayer/tikz/libraries/tikzlibraryshapes.misc.code.tex
open source     > 5 > 87 > /usr/share/texlive/texmf-dist/tex/generic/pgf/frontendlayer/tikz/libraries/tikzlibraryshapes.symbols.code.tex
open source     > 6 > 88 > /usr/share/texlive/texmf-dist/tex/generic/pgf/libraries/shapes/pgflibraryshapes.symbols.code.tex
close source    > 6 > 88 > /usr/share/texlive/texmf-dist/tex/generic/pgf/libraries/shapes/pgflibraryshapes.symbols.code.tex
close source    > 5 > 88 > /usr/share/texlive/texmf-dist/tex/generic/pgf/frontendlayer/tikz/libraries/tikzlibraryshapes.symbols.code.tex
open source     > 5 > 89 > /usr/share/texlive/texmf-dist/tex/generic/pgf/frontendlayer/tikz/libraries/tikzlibraryshapes.arrows.code.tex
open source     > 6 > 90 > /usr/share/texlive/texmf-dist/tex/generic/pgf/libraries/shapes/pgflibraryshapes.arrows.code.tex
close source    > 6 > 90 > /usr/share/texlive/texmf-dist/tex/generic/pgf/libraries/shapes/pgflibraryshapes.arrows.code.tex
close source    > 5 > 90 > /usr/share/texlive/texmf-dist/tex/generic/pgf/frontendlayer/tikz/libraries/tikzlibraryshapes.arrows.code.tex
open source     > 5 > 91 > /usr/share/texlive/texmf-dist/tex/generic/pgf/frontendlayer/tikz/libraries/tikzlibraryshapes.callouts.code.tex
open source     > 6 > 92 > /usr/share/texlive/texmf-dist/tex/generic/pgf/libraries/shapes/pgflibraryshapes.callouts.code.tex
close source    > 6 > 92 > /usr/share/texlive/texmf-dist/tex/generic/pgf/libraries/shapes/pgflibraryshapes.callouts.code.tex
close source    > 5 > 92 > /usr/share/texlive/texmf-dist/tex/generic/pgf/frontendlayer/tikz/libraries/tikzlibraryshapes.callouts.code.tex
open source     > 5 > 93 > /usr/share/texlive/texmf-dist/tex/generic/pgf/frontendlayer/tikz/libraries/tikzlibraryshapes.multipart.code.tex
open source     > 6 > 94 > /usr/share/texlive/texmf-dist/tex/generic/pgf/libraries/shapes/pgflibraryshapes.multipart.code.tex
close source    > 6 > 94 > /usr/share/texlive/texmf-dist/tex/generic/pgf/libraries/shapes/pgflibraryshapes.multipart.code.tex
close source    > 5 > 94 > /usr/share/texlive/texmf-dist/tex/generic/pgf/frontendlayer/tikz/libraries/tikzlibraryshapes.multipart.code.tex
close source    > 4 > 94 > /usr/share/texlive/texmf-dist/tex/generic/pgf/frontendlayer/tikz/libraries/tikzlibraryshapes.code.tex
close source    > 3 > 94 > /home/stefan/texmf/context/context-common/e-tikz.tex
open source     > 3 > 95 > /home/stefan/texmf/context/context-common/e-circuits.tex
resolvers       > modules > 'pgf' is loaded
open source     > 4 > 96 > /usr/share/texlive/texmf-dist/tex/context/third/pgf/basiclayer/t-pgf.tex
loading         > ConTeXt User Module / pgf
close source    > 4 > 96 > /usr/share/texlive/texmf-dist/tex/context/third/pgf/basiclayer/t-pgf.tex
open source     > 4 > 97 > /usr/share/texlive/texmf-dist/tex/generic/pgf/frontendlayer/tikz/libraries/tikzlibrarycalc.code.tex
close source    > 4 > 97 > /usr/share/texlive/texmf-dist/tex/generic/pgf/frontendlayer/tikz/libraries/tikzlibrarycalc.code.tex
open source     > 4 > 98 > /usr/share/texlive/texmf-dist/tex/generic/pgf/frontendlayer/tikz/libraries/circuits/tikzlibrarycircuits.code.tex
open source     > 5 > 99 > /usr/share/texlive/texmf-dist/tex/generic/pgf/frontendlayer/tikz/libraries/tikzlibrarydecorations.markings.code.tex
open source     > 6 > 100 > /usr/share/texlive/texmf-dist/tex/generic/pgf/frontendlayer/tikz/libraries/tikzlibrarydecorations.code.tex
open source     > 7 > 101 > /usr/share/texlive/texmf-dist/tex/generic/pgf/modules/pgfmoduledecorations.code.tex
close source    > 7 > 101 > /usr/share/texlive/texmf-dist/tex/generic/pgf/modules/pgfmoduledecorations.code.tex
close source    > 6 > 101 > /usr/share/texlive/texmf-dist/tex/generic/pgf/frontendlayer/tikz/libraries/tikzlibrarydecorations.code.tex
open source     > 6 > 102 > /usr/share/texlive/texmf-dist/tex/generic/pgf/libraries/decorations/pgflibrarydecorations.markings.code.tex
close source    > 6 > 102 > /usr/share/texlive/texmf-dist/tex/generic/pgf/libraries/decorations/pgflibrarydecorations.markings.code.tex
close source    > 5 > 102 > /usr/share/texlive/texmf-dist/tex/generic/pgf/frontendlayer/tikz/libraries/tikzlibrarydecorations.markings.code.tex
close source    > 4 > 102 > /usr/share/texlive/texmf-dist/tex/generic/pgf/frontendlayer/tikz/libraries/circuits/tikzlibrarycircuits.code.tex
open source     > 4 > 103 > /usr/share/texlive/texmf-dist/tex/generic/pgf/frontendlayer/tikz/libraries/circuits/tikzlibrarycircuits.ee.IEC.code.tex
open source     > 5 > 104 > /usr/share/texlive/texmf-dist/tex/generic/pgf/frontendlayer/tikz/libraries/circuits/tikzlibrarycircuits.ee.code.tex
open source     > 6 > 105 > /usr/share/texlive/texmf-dist/tex/generic/pgf/libraries/shapes/circuits/pgflibraryshapes.gates.ee.code.tex
close source    > 6 > 105 > /usr/share/texlive/texmf-dist/tex/generic/pgf/libraries/shapes/circuits/pgflibraryshapes.gates.ee.code.tex
close source    > 5 > 105 > /usr/share/texlive/texmf-dist/tex/generic/pgf/frontendlayer/tikz/libraries/circuits/tikzlibrarycircuits.ee.code.tex
open source     > 5 > 106 > /usr/share/texlive/texmf-dist/tex/generic/pgf/libraries/shapes/circuits/pgflibraryshapes.gates.ee.IEC.code.tex
close source    > 5 > 106 > /usr/share/texlive/texmf-dist/tex/generic/pgf/libraries/shapes/circuits/pgflibraryshapes.gates.ee.IEC.code.tex
close source    > 4 > 106 > /usr/share/texlive/texmf-dist/tex/generic/pgf/frontendlayer/tikz/libraries/circuits/tikzlibrarycircuits.ee.IEC.code.tex
open source     > 4 > 107 > /usr/share/texlive/texmf-dist/tex/generic/pgf/frontendlayer/tikz/libraries/circuits/tikzlibrarycircuits.logic.US.code.tex
open source     > 5 > 108 > /usr/share/texlive/texmf-dist/tex/generic/pgf/frontendlayer/tikz/libraries/circuits/tikzlibrarycircuits.logic.code.tex
close source    > 5 > 108 > /usr/share/texlive/texmf-dist/tex/generic/pgf/frontendlayer/tikz/libraries/circuits/tikzlibrarycircuits.logic.code.tex
open source     > 5 > 109 > /usr/share/texlive/texmf-dist/tex/generic/pgf/libraries/shapes/circuits/pgflibraryshapes.gates.logic.US.code.tex
open source     > 6 > 110 > /usr/share/texlive/texmf-dist/tex/generic/pgf/libraries/shapes/circuits/pgflibraryshapes.gates.logic.code.tex
close source    > 6 > 110 > /usr/share/texlive/texmf-dist/tex/generic/pgf/libraries/shapes/circuits/pgflibraryshapes.gates.logic.code.tex
close source    > 5 > 110 > /usr/share/texlive/texmf-dist/tex/generic/pgf/libraries/shapes/circuits/pgflibraryshapes.gates.logic.US.code.tex
close source    > 4 > 110 > /usr/share/texlive/texmf-dist/tex/generic/pgf/frontendlayer/tikz/libraries/circuits/tikzlibrarycircuits.logic.US.code.tex
close source    > 3 > 110 > /home/stefan/texmf/context/context-common/e-circuits.tex
structure       > sectioning > title @ level 2 : 0.0 -> Mikrocontroller-Modul für Flipperautomaten\subtitle {Variante B, Version 2015}
structure       > sectioning > section @ level 3 : 0.0.1 -> Einleitung
structure       > sectioning > section @ level 3 : 0.0.2 -> Anschlüsse
structure       > sectioning > subsection @ level 4 : 0.0.2.1 -> Stromversorgung
structure       > sectioning > subsection @ level 4 : 0.0.2.2 -> Kontakte und Lautsprecher
floatblocks     > '1' placed
floatblocks     > order disturbed
floatblocks     > '2' placed
structure       > sectioning > subsection @ level 4 : 0.0.2.3 -> Anschluss von Kontakten
backend         > xmp > using file '/usr/share/texmf/tex/context/base/lpdf-pdx.xml'
pages           > flushing realpage 1, userpage 1
floatblocks     > '3' placed
structure       > sectioning > subsection @ level 4 : 0.0.2.4 -> LED-Matrixanzeige
floatblocks     > order disturbed
floatblocks     > '4' placed
floatblocks     > order disturbed
floatblocks     > '5' placed
structure       > sectioning > section @ level 3 : 0.0.3 -> Konfiguration
structure       > sectioning > subsection @ level 4 : 0.0.3.1 -> Speicherkarte
pages           > flushing realpage 2, userpage 2
structure       > sectioning > subsection @ level 4 : 0.0.3.2 -> Ereignisse
floatblocks     > order disturbed
floatblocks     > '6' placed
structure       > sectioning > subsection @ level 4 : 0.0.3.3 -> Dateitypen

Overfull \hbox (2.62065pt too wide) in paragraph at lines 159--160
[][]\3>postscript-11pt-ss-tf-0--0 Für jedes Ereig-nis kön-nen meh-rere Dateien mit unter-schied-li-cher Endung auf der Karte vor-han-den sein (siehe \3>postscript-11pt-ss-it-0--0 Tabelle 4\3>postscript-11pt-ss-tf-0--0 ).

\hbox(7.24675+2.15819)x512.1496, glue set - 1.0, direction TLT
.\whatsit
..\localinterlinepenalty=0
..\localbrokenpenalty=0
..\localleftbox=null
..\localrightbox=null
.\hbox(0.0+0.0)x0.0, direction TLT
.\3>postscript-11pt-ss-tf-0--0 F
.\kern -0.198
.\3>postscript-11pt-ss-tf-0--0 ü
.etc.

floatblocks     > order disturbed
floatblocks     > '7' placed
structure       > sectioning > subsection @ level 4 : 0.0.3.4 -> Befehlsdateien (.prg)
floatblocks     > order disturbed
floatblocks     > '8' placed
pages           > flushing realpage 3, userpage 3
structure       > sectioning > subsection @ level 4 : 0.0.3.5 -> Textdateien (.txt)
structure       > sectioning > subsection @ level 4 : 0.0.3.6 -> Audiodateien (.wav)
structure       > sectioning > section @ level 3 : 0.0.4 -> Zusammenbau
structure       > sectioning > subsection @ level 4 : 0.0.4.1 -> Bauteile
floatblocks     > order disturbed
floatblocks     > '9' placed
structure       > sectioning > subsection @ level 4 : 0.0.4.2 -> LED-Matrix-Anzeige
pages           > flushing realpage 4, userpage 4
floatblocks     > order disturbed
floatblocks     > '10' placed
structure       > sectioning > subsection @ level 4 : 0.0.4.3 -> SD-Kartenleser
pages           > flushing realpage 5, userpage 5
floatblocks     > '11' placed
floatblocks     > '12' placed
structure       > sectioning > subsection @ level 4 : 0.0.4.4 -> Arduino
floatblocks     > 1 saved
floatblocks     > 1 moved
pages           > flushing realpage 6, userpage 6
pages           > flushing realpage 7, userpage 7
close source    > 2 > 110 > /home/stefan/Dokumente/github/pinball/2015/pinball-modul-b-2015.tex
close source    > 1 > 110 > /usr/share/texmf/tex/context/base/cont-yes.mkiv

system          > structure > start used structure

used structure  > text: pinball-modul-b-2015
used structure  >   environment: e-intern
used structure  >   environment: e-tikz
used structure  >   environment: e-circuits

system          > structure > stop used structure


system          > files > start used files

used file       >    1: filename=cont-yes.mkiv filetype=tex foundname=/usr/share/texmf/tex/context/base/cont-yes.mkiv usedmethod=database
used file       >    2: filename=cont-new.mkiv filetype=tex foundname=/usr/share/texmf/tex/context/base/cont-new.mkiv usedmethod=database
used file       >    3: filename=lang-us.lua filetype=scripts foundname=/usr/share/texmf/tex/context/patterns/lang-us.lua usedmethod=database
used file       >    4: filename=/home/stefan/Dokumente/github/pinball/2015/pinball-modul-b-2015.tex foundname=/home/stefan/Dokumente/github/pinball/2015/pinball-modul-b-2015.tex usedmethod=direct
used file       >    5: filename=e-intern.tex filetype=tex foundname=/home/stefan/texmf/context/context-common/e-intern.tex usedmethod=otherwise
used file       >    6: filename=inc-formatting filetype=tex foundname=/home/stefan/texmf/context/context-common/inc-formatting.tex usedmethod=otherwise
used file       >    7: filename=inc-image filetype=tex foundname=/home/stefan/texmf/context/context-common/inc-image.tex usedmethod=otherwise
used file       >    8: filename=inc-pdf filetype=tex foundname=/home/stefan/texmf/context/context-common/inc-pdf.tex usedmethod=otherwise
used file       >    9: filename=inc-todo filetype=tex foundname=/home/stefan/texmf/context/context-common/inc-todo.tex usedmethod=otherwise
used file       >   10: filename=inc-typing filetype=tex foundname=/home/stefan/texmf/context/context-common/inc-typing.tex usedmethod=otherwise
used file       >   11: filename=t-pretty-java.mkiv filetype=tex foundname=/home/stefan/texmf/context/context-common/t-pretty-java.mkiv usedmethod=otherwise
used file       >   12: filename=t-pretty-java.lua filetype=tex format=tex foundname=/home/stefan/texmf/context/context-common/t-pretty-java.lua usedmethod=otherwise
used file       >   13: filename=lang-de.lua filetype=scripts foundname=/usr/share/texmf/tex/context/patterns/lang-de.lua usedmethod=database
used file       >   14: filename=type-imp-postscript.mkiv filetype=tex foundname=/usr/share/texmf/tex/context/base/type-imp-postscript.mkiv usedmethod=database
used file       >   15: filename=type-imp-texgyre.mkiv filetype=tex foundname=/usr/share/texmf/tex/context/base/type-imp-texgyre.mkiv usedmethod=database
used file       >   16: filename=texgyre.lfg filetype=tex foundname=/usr/share/texmf/tex/context/fonts/texgyre.lfg usedmethod=database
used file       >   17: filename=texgyreheros-regular filetype=otf format=otf foundname=/usr/share/texmf/fonts/opentype/public/tex-gyre/texgyreheros-regular.otf usedmethod=database
used file       >   18: filename=texgyretermes-math.otf filetype=opentypefonts foundname=/usr/share/texmf/fonts/opentype/public/tex-gyre-math/texgyretermes-math.otf usedmethod=database
used file       >   19: filename=texgyretermes-math.otf filetype=otf format=otf foundname=/usr/share/texmf/fonts/opentype/public/tex-gyre-math/texgyretermes-math.otf usedmethod=database
used file       >   20: filename=metafun.mpiv filetype=mp foundname=/usr/share/texmf/metapost/context/base/metafun.mpiv usedmethod=database
used file       >   21: filename=mp-base.mpiv filetype=mp format=mp foundname=/usr/share/texmf/metapost/context/base/mp-base.mpiv usedmethod=database
used file       >   22: filename=mp-tool.mpiv filetype=mp format=mp foundname=/usr/share/texmf/metapost/context/base/mp-tool.mpiv usedmethod=database
used file       >   23: filename=mp-mlib.mpiv filetype=mp format=mp foundname=/usr/share/texmf/metapost/context/base/mp-mlib.mpiv usedmethod=database
used file       >   24: filename=mp-luas.mpiv filetype=mp format=mp foundname=/usr/share/texmf/metapost/context/base/mp-luas.mpiv usedmethod=database
used file       >   25: filename=mp-page.mpiv filetype=mp format=mp foundname=/usr/share/texmf/metapost/context/base/mp-page.mpiv usedmethod=database
used file       >   26: filename=mp-butt.mpiv filetype=mp format=mp foundname=/usr/share/texmf/metapost/context/base/mp-butt.mpiv usedmethod=database
used file       >   27: filename=mp-shap.mpiv filetype=mp format=mp foundname=/usr/share/texmf/metapost/context/base/mp-shap.mpiv usedmethod=database
used file       >   28: filename=mp-grph.mpiv filetype=mp format=mp foundname=/usr/share/texmf/metapost/context/base/mp-grph.mpiv usedmethod=database
used file       >   29: filename=mp-grid.mpiv filetype=mp format=mp foundname=/usr/share/texmf/metapost/context/base/mp-grid.mpiv usedmethod=database
used file       >   30: filename=mp-form.mpiv filetype=mp format=mp foundname=/usr/share/texmf/metapost/context/base/mp-form.mpiv usedmethod=database
used file       >   31: filename=mp-figs.mpiv filetype=mp format=mp foundname=/usr/share/texmf/metapost/context/base/mp-figs.mpiv usedmethod=database
used file       >   32: filename=mp-func.mpiv filetype=mp format=mp foundname=/usr/share/texmf/metapost/context/base/mp-func.mpiv usedmethod=database
used file       >   33: filename=e-tikz.tex filetype=tex foundname=/home/stefan/texmf/context/context-common/e-tikz.tex usedmethod=otherwise
used file       >   34: filename=t-tikz.tex filetype=tex foundname=/usr/share/texlive/texmf-dist/tex/context/third/pgf/frontendlayer/t-tikz.tex usedmethod=database
used file       >   35: filename=t-pgf.tex filetype=tex foundname=/usr/share/texlive/texmf-dist/tex/context/third/pgf/basiclayer/t-pgf.tex usedmethod=database
used file       >   36: filename=t-pgfcor.tex filetype=tex foundname=/usr/share/texlive/texmf-dist/tex/context/third/pgf/basiclayer/t-pgfcor.tex usedmethod=database
used file       >   37: filename=t-pgfsys.tex filetype=tex foundname=/usr/share/texlive/texmf-dist/tex/context/third/pgf/systemlayer/t-pgfsys.tex usedmethod=database
used file       >   38: filename=t-pgfrcs.tex filetype=tex foundname=/usr/share/texlive/texmf-dist/tex/context/third/pgf/utilities/t-pgfrcs.tex usedmethod=database
used file       >   39: filename=t-pgfmod.tex filetype=tex foundname=/usr/share/texlive/texmf-dist/tex/context/third/pgf/utilities/t-pgfmod.tex usedmethod=database
used file       >   40: filename=pgfutil-common.tex filetype=tex foundname=/usr/share/texlive/texmf-dist/tex/generic/pgf/utilities/pgfutil-common.tex usedmethod=database
used file       >   41: filename=pgfutil-common-lists.tex filetype=tex foundname=/usr/share/texlive/texmf-dist/tex/generic/pgf/utilities/pgfutil-common-lists.tex usedmethod=database
used file       >   42: filename=pgfutil-context.def filetype=tex foundname=/usr/share/texlive/texmf-dist/tex/generic/pgf/utilities/pgfutil-context.def usedmethod=database
used file       >   43: filename=pgfrcs.code.tex filetype=tex foundname=/usr/share/texlive/texmf-dist/tex/generic/pgf/utilities/pgfrcs.code.tex usedmethod=database
used file       >   44: filename=pgfsys.code.tex filetype=tex foundname=/usr/share/texlive/texmf-dist/tex/generic/pgf/systemlayer/pgfsys.code.tex usedmethod=database
used file       >   45: filename=pgfkeys.code.tex filetype=tex foundname=/usr/share/texlive/texmf-dist/tex/generic/pgf/utilities/pgfkeys.code.tex usedmethod=database
used file       >   46: filename=pgfkeysfiltered.code.tex filetype=tex foundname=/usr/share/texlive/texmf-dist/tex/generic/pgf/utilities/pgfkeysfiltered.code.tex usedmethod=database
used file       >   47: filename=pgf.cfg filetype=tex foundname=/usr/share/texlive/texmf-dist/tex/generic/pgf/systemlayer/pgf.cfg usedmethod=database
used file       >   48: filename=pgfsys-pdftex.def filetype=tex foundname=/usr/share/texlive/texmf-dist/tex/generic/pgf/systemlayer/pgfsys-pdftex.def usedmethod=database
used file       >   49: filename=pgfsys-common-pdf.def filetype=tex foundname=/usr/share/texlive/texmf-dist/tex/generic/pgf/systemlayer/pgfsys-common-pdf.def usedmethod=database
used file       >   50: filename=pinball-modul-b-2015.pgf foundname=pinball-modul-b-2015.pgf usedmethod=direct
used file       >   51: filename=pgfsyssoftpath.code.tex filetype=tex foundname=/usr/share/texlive/texmf-dist/tex/generic/pgf/systemlayer/pgfsyssoftpath.code.tex usedmethod=database
used file       >   52: filename=pgfsysprotocol.code.tex filetype=tex foundname=/usr/share/texlive/texmf-dist/tex/generic/pgf/systemlayer/pgfsysprotocol.code.tex usedmethod=database
used file       >   53: filename=pgfcore.code.tex filetype=tex foundname=/usr/share/texlive/texmf-dist/tex/generic/pgf/basiclayer/pgfcore.code.tex usedmethod=database
used file       >   54: filename=pgfmath.code.tex filetype=tex foundname=/usr/share/texlive/texmf-dist/tex/generic/pgf/math/pgfmath.code.tex usedmethod=database
used file       >   55: filename=pgfmathcalc.code.tex filetype=tex foundname=/usr/share/texlive/texmf-dist/tex/generic/pgf/math/pgfmathcalc.code.tex usedmethod=database
used file       >   56: filename=pgfmathutil.code.tex filetype=tex foundname=/usr/share/texlive/texmf-dist/tex/generic/pgf/math/pgfmathutil.code.tex usedmethod=database
used file       >   57: filename=pgfmathparser.code.tex filetype=tex foundname=/usr/share/texlive/texmf-dist/tex/generic/pgf/math/pgfmathparser.code.tex usedmethod=database
used file       >   58: filename=pgfmathfunctions.code.tex filetype=tex foundname=/usr/share/texlive/texmf-dist/tex/generic/pgf/math/pgfmathfunctions.code.tex usedmethod=database
used file       >   59: filename=pgfmathfunctions.basic.code.tex filetype=tex foundname=/usr/share/texlive/texmf-dist/tex/generic/pgf/math/pgfmathfunctions.basic.code.tex usedmethod=database
used file       >   60: filename=pgfmathfunctions.trigonometric.code.tex filetype=tex foundname=/usr/share/texlive/texmf-dist/tex/generic/pgf/math/pgfmathfunctions.trigonometric.code.tex usedmethod=database
used file       >   61: filename=pgfmathfunctions.random.code.tex filetype=tex foundname=/usr/share/texlive/texmf-dist/tex/generic/pgf/math/pgfmathfunctions.random.code.tex usedmethod=database
used file       >   62: filename=pgfmathfunctions.comparison.code.tex filetype=tex foundname=/usr/share/texlive/texmf-dist/tex/generic/pgf/math/pgfmathfunctions.comparison.code.tex usedmethod=database
used file       >   63: filename=pgfmathfunctions.base.code.tex filetype=tex foundname=/usr/share/texlive/texmf-dist/tex/generic/pgf/math/pgfmathfunctions.base.code.tex usedmethod=database
used file       >   64: filename=pgfmathfunctions.round.code.tex filetype=tex foundname=/usr/share/texlive/texmf-dist/tex/generic/pgf/math/pgfmathfunctions.round.code.tex usedmethod=database
used file       >   65: filename=pgfmathfunctions.misc.code.tex filetype=tex foundname=/usr/share/texlive/texmf-dist/tex/generic/pgf/math/pgfmathfunctions.misc.code.tex usedmethod=database
used file       >   66: filename=pgfmathfunctions.integerarithmetics.code.tex filetype=tex foundname=/usr/share/texlive/texmf-dist/tex/generic/pgf/math/pgfmathfunctions.integerarithmetics.code.tex usedmethod=database
used file       >   67: filename=pgfmathfloat.code.tex filetype=tex foundname=/usr/share/texlive/texmf-dist/tex/generic/pgf/math/pgfmathfloat.code.tex usedmethod=database
used file       >   68: filename=pgfcorepoints.code.tex filetype=tex foundname=/usr/share/texlive/texmf-dist/tex/generic/pgf/basiclayer/pgfcorepoints.code.tex usedmethod=database
used file       >   69: filename=pgfcorepathconstruct.code.tex filetype=tex foundname=/usr/share/texlive/texmf-dist/tex/generic/pgf/basiclayer/pgfcorepathconstruct.code.tex usedmethod=database
used file       >   70: filename=pgfcorepathusage.code.tex filetype=tex foundname=/usr/share/texlive/texmf-dist/tex/generic/pgf/basiclayer/pgfcorepathusage.code.tex usedmethod=database
used file       >   71: filename=pgfcorescopes.code.tex filetype=tex foundname=/usr/share/texlive/texmf-dist/tex/generic/pgf/basiclayer/pgfcorescopes.code.tex usedmethod=database
used file       >   72: filename=pgfcoregraphicstate.code.tex filetype=tex foundname=/usr/share/texlive/texmf-dist/tex/generic/pgf/basiclayer/pgfcoregraphicstate.code.tex usedmethod=database
used file       >   73: filename=pgfcoretransformations.code.tex filetype=tex foundname=/usr/share/texlive/texmf-dist/tex/generic/pgf/basiclayer/pgfcoretransformations.code.tex usedmethod=database
used file       >   74: filename=pgfcorequick.code.tex filetype=tex foundname=/usr/share/texlive/texmf-dist/tex/generic/pgf/basiclayer/pgfcorequick.code.tex usedmethod=database
used file       >   75: filename=pgfcoreobjects.code.tex filetype=tex foundname=/usr/share/texlive/texmf-dist/tex/generic/pgf/basiclayer/pgfcoreobjects.code.tex usedmethod=database
used file       >   76: filename=pgfcorepathprocessing.code.tex filetype=tex foundname=/usr/share/texlive/texmf-dist/tex/generic/pgf/basiclayer/pgfcorepathprocessing.code.tex usedmethod=database
used file       >   77: filename=pgfcorearrows.code.tex filetype=tex foundname=/usr/share/texlive/texmf-dist/tex/generic/pgf/basiclayer/pgfcorearrows.code.tex usedmethod=database
used file       >   78: filename=pgfcoreshade.code.tex filetype=tex foundname=/usr/share/texlive/texmf-dist/tex/generic/pgf/basiclayer/pgfcoreshade.code.tex usedmethod=database
used file       >   79: filename=pgfcoreimage.code.tex filetype=tex foundname=/usr/share/texlive/texmf-dist/tex/generic/pgf/basiclayer/pgfcoreimage.code.tex usedmethod=database
used file       >   80: filename=pgfcoreexternal.code.tex filetype=tex foundname=/usr/share/texlive/texmf-dist/tex/generic/pgf/basiclayer/pgfcoreexternal.code.tex usedmethod=database
used file       >   81: filename=pgfcorelayers.code.tex filetype=tex foundname=/usr/share/texlive/texmf-dist/tex/generic/pgf/basiclayer/pgfcorelayers.code.tex usedmethod=database
used file       >   82: filename=pgfcoretransparency.code.tex filetype=tex foundname=/usr/share/texlive/texmf-dist/tex/generic/pgf/basiclayer/pgfcoretransparency.code.tex usedmethod=database
used file       >   83: filename=pgfcorepatterns.code.tex filetype=tex foundname=/usr/share/texlive/texmf-dist/tex/generic/pgf/basiclayer/pgfcorepatterns.code.tex usedmethod=database
used file       >   84: filename=pgfmoduleshapes.code.tex filetype=tex foundname=/usr/share/texlive/texmf-dist/tex/generic/pgf/modules/pgfmoduleshapes.code.tex usedmethod=database
used file       >   85: filename=pgfmoduleplot.code.tex filetype=tex foundname=/usr/share/texlive/texmf-dist/tex/generic/pgf/modules/pgfmoduleplot.code.tex usedmethod=database
used file       >   86: filename=t-pgffor.tex filetype=tex foundname=/usr/share/texlive/texmf-dist/tex/context/third/pgf/utilities/t-pgffor.tex usedmethod=database
used file       >   87: filename=t-pgfkey.tex filetype=tex foundname=/usr/share/texlive/texmf-dist/tex/context/third/pgf/utilities/t-pgfkey.tex usedmethod=database
used file       >   88: filename=pgffor.code.tex filetype=tex foundname=/usr/share/texlive/texmf-dist/tex/generic/pgf/utilities/pgffor.code.tex usedmethod=database
used file       >   89: filename=tikz.code.tex filetype=tex foundname=/usr/share/texlive/texmf-dist/tex/generic/pgf/frontendlayer/tikz/tikz.code.tex usedmethod=database
used file       >   90: filename=pgflibraryplothandlers.code.tex filetype=tex foundname=/usr/share/texlive/texmf-dist/tex/generic/pgf/libraries/pgflibraryplothandlers.code.tex usedmethod=database
used file       >   91: filename=pgfmodulematrix.code.tex filetype=tex foundname=/usr/share/texlive/texmf-dist/tex/generic/pgf/modules/pgfmodulematrix.code.tex usedmethod=database
used file       >   92: filename=tikzlibrarytopaths.code.tex filetype=tex foundname=/usr/share/texlive/texmf-dist/tex/generic/pgf/frontendlayer/tikz/libraries/tikzlibrarytopaths.code.tex usedmethod=database
used file       >   93: filename=tikzlibraryarrows.code.tex filetype=tex foundname=/usr/share/texlive/texmf-dist/tex/generic/pgf/frontendlayer/tikz/libraries/tikzlibraryarrows.code.tex usedmethod=database
used file       >   94: filename=pgflibraryarrows.code.tex filetype=tex foundname=/usr/share/texlive/texmf-dist/tex/generic/pgf/libraries/pgflibraryarrows.code.tex usedmethod=database
used file       >   95: filename=tikzlibrarypositioning.code.tex filetype=tex foundname=/usr/share/texlive/texmf-dist/tex/generic/pgf/frontendlayer/tikz/libraries/tikzlibrarypositioning.code.tex usedmethod=database
used file       >   96: filename=tikzlibraryshadows.code.tex filetype=tex foundname=/usr/share/texlive/texmf-dist/tex/generic/pgf/frontendlayer/tikz/libraries/tikzlibraryshadows.code.tex usedmethod=database
used file       >   97: filename=tikzlibraryfadings.code.tex filetype=tex foundname=/usr/share/texlive/texmf-dist/tex/generic/pgf/frontendlayer/tikz/libraries/tikzlibraryfadings.code.tex usedmethod=database
used file       >   98: filename=pgflibraryfadings.code.tex filetype=tex foundname=/usr/share/texlive/texmf-dist/tex/generic/pgf/libraries/pgflibraryfadings.code.tex usedmethod=database
used file       >   99: filename=tikzlibraryshapes.code.tex filetype=tex foundname=/usr/share/texlive/texmf-dist/tex/generic/pgf/frontendlayer/tikz/libraries/tikzlibraryshapes.code.tex usedmethod=database
used file       >  100: filename=tikzlibraryshapes.geometric.code.tex filetype=tex foundname=/usr/share/texlive/texmf-dist/tex/generic/pgf/frontendlayer/tikz/libraries/tikzlibraryshapes.geometric.code.tex usedmethod=database
used file       >  101: filename=pgflibraryshapes.geometric.code.tex filetype=tex foundname=/usr/share/texlive/texmf-dist/tex/generic/pgf/libraries/shapes/pgflibraryshapes.geometric.code.tex usedmethod=database
used file       >  102: filename=tikzlibraryshapes.misc.code.tex filetype=tex foundname=/usr/share/texlive/texmf-dist/tex/generic/pgf/frontendlayer/tikz/libraries/tikzlibraryshapes.misc.code.tex usedmethod=database
used file       >  103: filename=pgflibraryshapes.misc.code.tex filetype=tex foundname=/usr/share/texlive/texmf-dist/tex/generic/pgf/libraries/shapes/pgflibraryshapes.misc.code.tex usedmethod=database
used file       >  104: filename=tikzlibraryshapes.symbols.code.tex filetype=tex foundname=/usr/share/texlive/texmf-dist/tex/generic/pgf/frontendlayer/tikz/libraries/tikzlibraryshapes.symbols.code.tex usedmethod=database
used file       >  105: filename=pgflibraryshapes.symbols.code.tex filetype=tex foundname=/usr/share/texlive/texmf-dist/tex/generic/pgf/libraries/shapes/pgflibraryshapes.symbols.code.tex usedmethod=database
used file       >  106: filename=tikzlibraryshapes.arrows.code.tex filetype=tex foundname=/usr/share/texlive/texmf-dist/tex/generic/pgf/frontendlayer/tikz/libraries/tikzlibraryshapes.arrows.code.tex usedmethod=database
used file       >  107: filename=pgflibraryshapes.arrows.code.tex filetype=tex foundname=/usr/share/texlive/texmf-dist/tex/generic/pgf/libraries/shapes/pgflibraryshapes.arrows.code.tex usedmethod=database
used file       >  108: filename=tikzlibraryshapes.callouts.code.tex filetype=tex foundname=/usr/share/texlive/texmf-dist/tex/generic/pgf/frontendlayer/tikz/libraries/tikzlibraryshapes.callouts.code.tex usedmethod=database
used file       >  109: filename=pgflibraryshapes.callouts.code.tex filetype=tex foundname=/usr/share/texlive/texmf-dist/tex/generic/pgf/libraries/shapes/pgflibraryshapes.callouts.code.tex usedmethod=database
used file       >  110: filename=tikzlibraryshapes.multipart.code.tex filetype=tex foundname=/usr/share/texlive/texmf-dist/tex/generic/pgf/frontendlayer/tikz/libraries/tikzlibraryshapes.multipart.code.tex usedmethod=database
used file       >  111: filename=pgflibraryshapes.multipart.code.tex filetype=tex foundname=/usr/share/texlive/texmf-dist/tex/generic/pgf/libraries/shapes/pgflibraryshapes.multipart.code.tex usedmethod=database
used file       >  112: filename=e-circuits.tex filetype=tex foundname=/home/stefan/texmf/context/context-common/e-circuits.tex usedmethod=otherwise
used file       >  113: filename=tikzlibrarycalc.code.tex filetype=tex foundname=/usr/share/texlive/texmf-dist/tex/generic/pgf/frontendlayer/tikz/libraries/tikzlibrarycalc.code.tex usedmethod=database
used file       >  114: filename=tikzlibrarycircuits.code.tex filetype=tex foundname=/usr/share/texlive/texmf-dist/tex/generic/pgf/frontendlayer/tikz/libraries/circuits/tikzlibrarycircuits.code.tex usedmethod=database
used file       >  115: filename=tikzlibrarydecorations.markings.code.tex filetype=tex foundname=/usr/share/texlive/texmf-dist/tex/generic/pgf/frontendlayer/tikz/libraries/tikzlibrarydecorations.markings.code.tex usedmethod=database
used file       >  116: filename=tikzlibrarydecorations.code.tex filetype=tex foundname=/usr/share/texlive/texmf-dist/tex/generic/pgf/frontendlayer/tikz/libraries/tikzlibrarydecorations.code.tex usedmethod=database
used file       >  117: filename=pgfmoduledecorations.code.tex filetype=tex foundname=/usr/share/texlive/texmf-dist/tex/generic/pgf/modules/pgfmoduledecorations.code.tex usedmethod=database
used file       >  118: filename=pgflibrarydecorations.markings.code.tex filetype=tex foundname=/usr/share/texlive/texmf-dist/tex/generic/pgf/libraries/decorations/pgflibrarydecorations.markings.code.tex usedmethod=database
used file       >  119: filename=tikzlibrarycircuits.ee.IEC.code.tex filetype=tex foundname=/usr/share/texlive/texmf-dist/tex/generic/pgf/frontendlayer/tikz/libraries/circuits/tikzlibrarycircuits.ee.IEC.code.tex usedmethod=database
used file       >  120: filename=tikzlibrarycircuits.ee.code.tex filetype=tex foundname=/usr/share/texlive/texmf-dist/tex/generic/pgf/frontendlayer/tikz/libraries/circuits/tikzlibrarycircuits.ee.code.tex usedmethod=database
used file       >  121: filename=pgflibraryshapes.gates.ee.code.tex filetype=tex foundname=/usr/share/texlive/texmf-dist/tex/generic/pgf/libraries/shapes/circuits/pgflibraryshapes.gates.ee.code.tex usedmethod=database
used file       >  122: filename=pgflibraryshapes.gates.ee.IEC.code.tex filetype=tex foundname=/usr/share/texlive/texmf-dist/tex/generic/pgf/libraries/shapes/circuits/pgflibraryshapes.gates.ee.IEC.code.tex usedmethod=database
used file       >  123: filename=tikzlibrarycircuits.logic.US.code.tex filetype=tex foundname=/usr/share/texlive/texmf-dist/tex/generic/pgf/frontendlayer/tikz/libraries/circuits/tikzlibrarycircuits.logic.US.code.tex usedmethod=database
used file       >  124: filename=tikzlibrarycircuits.logic.code.tex filetype=tex foundname=/usr/share/texlive/texmf-dist/tex/generic/pgf/frontendlayer/tikz/libraries/circuits/tikzlibrarycircuits.logic.code.tex usedmethod=database
used file       >  125: filename=pgflibraryshapes.gates.logic.US.code.tex filetype=tex foundname=/usr/share/texlive/texmf-dist/tex/generic/pgf/libraries/shapes/circuits/pgflibraryshapes.gates.logic.US.code.tex usedmethod=database
used file       >  126: filename=pgflibraryshapes.gates.logic.code.tex filetype=tex foundname=/usr/share/texlive/texmf-dist/tex/generic/pgf/libraries/shapes/circuits/pgflibraryshapes.gates.logic.code.tex usedmethod=database
used file       >  127: filename=texgyreheros-bold filetype=otf format=otf foundname=/usr/share/texmf/fonts/opentype/public/tex-gyre/texgyreheros-bold.otf usedmethod=database
used file       >  128: filename=texgyreheros-italic filetype=otf format=otf foundname=/usr/share/texmf/fonts/opentype/public/tex-gyre/texgyreheros-italic.otf usedmethod=database
used file       >  129: filename=images/schraubklemme.jpg format=tex foundname=images/schraubklemme.jpg usedmethod=direct
used file       >  130: filename=lpdf-pdx.xml filetype=tex foundname=/usr/share/texmf/tex/context/base/lpdf-pdx.xml usedmethod=database
used file       >  131: filename=images/wannenstiftleiste.jpg format=tex foundname=images/wannenstiftleiste.jpg usedmethod=direct
used file       >  132: filename=texgyrecursor-regular filetype=otf format=otf foundname=/usr/share/texmf/fonts/opentype/public/tex-gyre/texgyrecursor-regular.otf usedmethod=database
used file       >  133: filename=texgyrecursor-bold filetype=otf format=otf foundname=/usr/share/texmf/fonts/opentype/public/tex-gyre/texgyrecursor-bold.otf usedmethod=database
used file       >  134: filename=images/spi.pdf format=tex foundname=images/spi.pdf usedmethod=direct

system          > files > stop used files


system          > options > start commandline options

used option     > batchmode="true"
used option     > currentrun="2"
used option     > fulljobname="./pinball-modul-b-2015.tex"
used option     > input="./pinball-modul-b-2015.tex"
used option     > kindofrun="2"
used option     > maxnofruns="8"
used option     > no-parse-first-line="true"

system          > options > stop commandline options

system          > options > start commandline files

used file       >    1: ./pinball-modul-b-2015.tex

system          > options > stop commandline files


mkiv lua stats  > used config file: /usr/share/texmf/web2c/texmfcnf.lua;/usr/share/texlive/texmf-dist/web2c/texmfcnf.lua
mkiv lua stats  > used cache path: readable: '/var/lib/texmf/luatex-cache/context/b47c3d3cee7cb6c86268d0595268c442' | readable+writable: '/home/stefan/.texmf-var/luatex-cache/context/b47c3d3cee7cb6c86268d0595268c442'
mkiv lua stats  > resource resolver: loadtime 0.013 seconds, 1 scans with scantime 0.003 seconds, 0 shared scans, 134 found files, scanned paths: /home/stefan/texmf
mkiv lua stats  > stored bytecode data: 350 modules (0.093 sec), 69 tables (0.002 sec), 419 chunks (0.096 sec)
mkiv lua stats  > running in nuts mode: yes
mkiv lua stats  > cleaned up reserved nodes: 48 nodes, 488 lists of 487
mkiv lua stats  > node memory usage: 973 hlist, 197 vlist, 253 rule, 37 disc, 2 math, 632 glue, 770 kern, 215 penalty, 687 glyph, 4480 attribute, 438 glue_spec, 1041 attribute_list, 2 temp, 64 local_par, 129 dir, 32 pdf_literal, 8 pdf_refxform, 2 late_lua
mkiv lua stats  > node list callback tasks: 6 unique task lists, 7 instances (re)created, 5163 calls
mkiv lua stats  > h-node processing time: 0.093 seconds including kernel
mkiv lua stats  > attribute processing time: 0.024 seconds front- and backend
mkiv lua stats  > used backend: pdf (backend for directly generating pdf output)
mkiv lua stats  > v-node processing time: 0.021 seconds 
mkiv lua stats  > loaded tex modules: 3 requested, all found (*-pgf *-pretty-java *-tikz)
mkiv lua stats  > loaded patterns: de::3 en::2, load time: 0.000
mkiv lua stats  > jobdata time: 0.003 seconds saving, 0.001 seconds loading
mkiv lua stats  > callbacks: 19862 direct, 57085 indirect, 76947 total
mkiv lua stats  > randomizer: resumed with value 0.31644135355784
mkiv lua stats  > interactive elements: 8 references, 32 destinations
mkiv lua stats  > result saved in file: pinball-modul-b-2015.pdf, compresslevel 3, objectcompresslevel 3
mkiv lua stats  > loaded fonts: 6 files: texgyretermes-math.otf, texgyrecursor-bold.otf, texgyrecursor-regular.otf, texgyreheros-bold.otf, texgyreheros-italic.otf, texgyreheros-regular.otf
mkiv lua stats  > fonts load time: 0.183 seconds for 15 fonts, 8 shared in backend, 1 common vectors, 7 common hashes
mkiv lua stats  > metapost processing time: 0.001 seconds, loading: 0.012, execution: 0.001, n: 2, average: 0.007, instances: 1, memory: 1.641 M
mkiv lua stats  > graphics processing time: 0.004 seconds including tex, 3 processed images
mkiv lua stats  > pdf annotations: 8 links (8 unique), 0 special
mkiv lua stats  > used platform: linux-64, type: unix, binary subtree: usr
mkiv lua stats  > luatex banner: this is luatex, version beta-0.79.1 (tex live 2015/dev/debian) (rev 4971)
mkiv lua stats  > control sequences: 53733 of 65536 + 100000
mkiv lua stats  > lua properties: engine: lua, used memory: 88 MB (ctx: 87 MB), hash type: lua, hash chars: min(64,40), symbol mask: utf (τεχ)
mkiv lua stats  > runtime: 2.591 seconds, 7 processed pages, 7 shipped pages, 2.702 pages/second

